{"contracts/Agreement.sol":{"l":{"18":0,"19":0,"23":0,"30":0,"34":0,"117":1,"118":1,"119":1,"120":1,"121":1,"122":1,"123":1,"124":1,"125":1,"126":1,"128":1,"129":2,"130":2,"131":2,"132":2,"135":1,"136":1,"137":1,"138":1,"139":1,"140":1,"141":1,"145":0,"146":0,"148":0,"153":0,"154":0,"156":0,"157":0,"158":0,"159":0,"163":0,"167":0,"171":0,"172":0,"178":0,"184":0,"185":0,"186":0,"187":0,"191":0,"197":0,"198":0,"199":0,"201":0,"202":0,"208":2,"212":0,"217":0,"218":0,"219":0,"221":0,"222":0,"226":0,"227":0,"228":0,"233":0,"235":0,"236":0,"238":0,"248":0,"250":0,"255":0,"256":0,"257":0,"267":0,"268":0,"272":0,"277":0,"281":0,"293":0,"297":0,"299":0,"305":0,"306":0,"308":0,"325":0,"331":0,"335":0,"336":0,"337":0,"339":0,"340":0,"344":0,"348":2,"349":2,"350":2,"354":0,"361":0,"362":0,"366":0,"367":0,"369":0,"370":0,"371":0,"375":0},"path":"/home/ayden/Documents/TM-POC/packages/hardhat/contracts/Agreement.sol","s":{"1":0,"2":0,"3":0,"4":1,"5":1,"6":1,"7":1,"8":1,"9":1,"10":1,"11":1,"12":1,"13":1,"14":1,"15":2,"16":2,"17":2,"18":2,"19":1,"20":1,"21":1,"22":1,"23":1,"24":1,"25":1,"26":0,"27":0,"28":0,"29":0,"30":0,"31":0,"32":0,"33":0,"34":0,"35":0,"36":0,"37":0,"38":0,"39":0,"40":0,"41":0,"42":0,"43":0,"44":0,"45":0,"46":0,"47":0,"48":0,"49":2,"50":0,"51":0,"52":0,"53":0,"54":0,"55":0,"56":0,"57":0,"58":0,"59":0,"60":0,"61":0,"62":0,"63":0,"64":0,"65":0,"66":0,"67":0,"68":0,"69":0,"70":0,"71":0,"72":0,"73":0,"74":0,"75":0,"76":0,"77":0,"78":0,"79":0,"80":0,"81":0,"82":0,"83":0,"84":0,"85":0,"86":0,"87":2,"88":2,"89":2,"90":0,"91":0,"92":0,"93":0,"94":0,"95":0,"96":0,"97":0,"98":0},"b":{"1":[0,0],"2":[0,0],"3":[0,0],"4":[1,0],"5":[2,0],"6":[0,0],"7":[0,0],"8":[0,0],"9":[0,0],"10":[0,0],"11":[0,0],"12":[0,0],"13":[0,0],"14":[0,0],"15":[0,0],"16":[0,0],"17":[0,0],"18":[0,0],"19":[0,0],"20":[0,0],"21":[2,0],"22":[0,0]},"f":{"1":0,"2":0,"3":1,"4":0,"5":0,"6":0,"7":0,"8":0,"9":0,"10":2,"11":0,"12":0,"13":0,"14":0,"15":0,"16":2,"17":0,"18":0,"19":0},"fnMap":{"1":{"name":"onlyArtist","line":17,"loc":{"start":{"line":17,"column":4},"end":{"line":20,"column":4}}},"2":{"name":"validAdhesion","line":22,"loc":{"start":{"line":22,"column":4},"end":{"line":35,"column":4}}},"3":{"name":"initialize","line":116,"loc":{"start":{"line":111,"column":4},"end":{"line":142,"column":4}}},"4":{"name":"getBalance","line":144,"loc":{"start":{"line":144,"column":4},"end":{"line":150,"column":4}}},"5":{"name":"purchase","line":152,"loc":{"start":{"line":152,"column":4},"end":{"line":160,"column":4}}},"6":{"name":"getState","line":166,"loc":{"start":{"line":166,"column":4},"end":{"line":168,"column":4}}},"7":{"name":"cancelAgreement","line":170,"loc":{"start":{"line":170,"column":4},"end":{"line":173,"column":4}}},"8":{"name":"redeem_artist","line":177,"loc":{"start":{"line":175,"column":4},"end":{"line":188,"column":4}}},"9":{"name":"redeem_tyxit","line":190,"loc":{"start":{"line":190,"column":4},"end":{"line":203,"column":4}}},"10":{"name":"isArtist","line":205,"loc":{"start":{"line":205,"column":4},"end":{"line":209,"column":4}}},"11":{"name":"putForSale","line":211,"loc":{"start":{"line":211,"column":4},"end":{"line":258,"column":4}}},"12":{"name":"vote","line":266,"loc":{"start":{"line":260,"column":4},"end":{"line":315,"column":4}}},"13":{"name":"checkVoteValidity","line":319,"loc":{"start":{"line":319,"column":4},"end":{"line":328,"column":4}}},"14":{"name":"sendViaCall","line":330,"loc":{"start":{"line":330,"column":4},"end":{"line":341,"column":4}}},"15":{"name":"max","line":343,"loc":{"start":{"line":343,"column":4},"end":{"line":345,"column":4}}},"16":{"name":"newArtist","line":347,"loc":{"start":{"line":347,"column":4},"end":{"line":351,"column":4}}},"17":{"name":"calculateFee","line":353,"loc":{"start":{"line":353,"column":4},"end":{"line":355,"column":4}}},"18":{"name":"calculateArtistAmount","line":357,"loc":{"start":{"line":357,"column":4},"end":{"line":363,"column":4}}},"19":{"name":"splitEther","line":365,"loc":{"start":{"line":365,"column":4},"end":{"line":377,"column":4}}}},"statementMap":{"1":{"start":{"line":18,"column":8},"end":{"line":18,"column":50}},"2":{"start":{"line":23,"column":8},"end":{"line":23,"column":807}},"3":{"start":{"line":30,"column":8},"end":{"line":30,"column":1042}},"4":{"start":{"line":117,"column":8},"end":{"line":117,"column":29}},"5":{"start":{"line":118,"column":8},"end":{"line":118,"column":28}},"6":{"start":{"line":119,"column":8},"end":{"line":119,"column":36}},"7":{"start":{"line":120,"column":8},"end":{"line":120,"column":43}},"8":{"start":{"line":121,"column":8},"end":{"line":121,"column":27}},"9":{"start":{"line":122,"column":8},"end":{"line":122,"column":66}},"10":{"start":{"line":123,"column":8},"end":{"line":123,"column":75}},"11":{"start":{"line":124,"column":8},"end":{"line":124,"column":66}},"12":{"start":{"line":125,"column":8},"end":{"line":125,"column":76}},"13":{"start":{"line":126,"column":8},"end":{"line":126,"column":23}},"14":{"start":{"line":128,"column":8},"end":{"line":128,"column":3411}},"15":{"start":{"line":129,"column":12},"end":{"line":129,"column":40}},"16":{"start":{"line":130,"column":12},"end":{"line":130,"column":58}},"17":{"start":{"line":131,"column":12},"end":{"line":131,"column":28}},"18":{"start":{"line":132,"column":12},"end":{"line":132,"column":34}},"19":{"start":{"line":135,"column":8},"end":{"line":135,"column":46}},"20":{"start":{"line":136,"column":8},"end":{"line":136,"column":43}},"21":{"start":{"line":137,"column":8},"end":{"line":137,"column":74}},"22":{"start":{"line":138,"column":8},"end":{"line":138,"column":25}},"23":{"start":{"line":139,"column":8},"end":{"line":139,"column":40}},"24":{"start":{"line":140,"column":8},"end":{"line":140,"column":54}},"25":{"start":{"line":141,"column":8},"end":{"line":141,"column":71}},"26":{"start":{"line":145,"column":8},"end":{"line":145,"column":4092}},"27":{"start":{"line":146,"column":12},"end":{"line":146,"column":31}},"28":{"start":{"line":148,"column":12},"end":{"line":148,"column":52}},"29":{"start":{"line":153,"column":8},"end":{"line":153,"column":70}},"30":{"start":{"line":154,"column":8},"end":{"line":154,"column":73}},"31":{"start":{"line":156,"column":8},"end":{"line":156,"column":66}},"32":{"start":{"line":157,"column":8},"end":{"line":157,"column":39}},"33":{"start":{"line":158,"column":8},"end":{"line":158,"column":28}},"34":{"start":{"line":159,"column":8},"end":{"line":159,"column":44}},"35":{"start":{"line":167,"column":8},"end":{"line":167,"column":28}},"36":{"start":{"line":171,"column":8},"end":{"line":171,"column":37}},"37":{"start":{"line":172,"column":8},"end":{"line":172,"column":33}},"38":{"start":{"line":178,"column":8},"end":{"line":178,"column":5076}},"39":{"start":{"line":184,"column":8},"end":{"line":184,"column":57}},"40":{"start":{"line":185,"column":8},"end":{"line":185,"column":44}},"41":{"start":{"line":186,"column":8},"end":{"line":186,"column":48}},"42":{"start":{"line":187,"column":8},"end":{"line":187,"column":41}},"43":{"start":{"line":191,"column":8},"end":{"line":191,"column":5482}},"44":{"start":{"line":197,"column":8},"end":{"line":197,"column":36}},"45":{"start":{"line":198,"column":8},"end":{"line":198,"column":72}},"46":{"start":{"line":199,"column":8},"end":{"line":199,"column":23}},"47":{"start":{"line":201,"column":8},"end":{"line":201,"column":42}},"48":{"start":{"line":202,"column":8},"end":{"line":202,"column":41}},"49":{"start":{"line":208,"column":8},"end":{"line":208,"column":52}},"50":{"start":{"line":212,"column":8},"end":{"line":212,"column":6082}},"51":{"start":{"line":217,"column":8},"end":{"line":217,"column":26}},"52":{"start":{"line":218,"column":8},"end":{"line":218,"column":32}},"53":{"start":{"line":219,"column":8},"end":{"line":219,"column":36}},"54":{"start":{"line":221,"column":8},"end":{"line":221,"column":6303}},"55":{"start":{"line":222,"column":12},"end":{"line":222,"column":6366}},"56":{"start":{"line":226,"column":12},"end":{"line":226,"column":71}},"57":{"start":{"line":227,"column":12},"end":{"line":227,"column":78}},"58":{"start":{"line":228,"column":12},"end":{"line":228,"column":6653}},"59":{"start":{"line":233,"column":8},"end":{"line":233,"column":78}},"60":{"start":{"line":235,"column":8},"end":{"line":235,"column":53}},"61":{"start":{"line":236,"column":8},"end":{"line":236,"column":69}},"62":{"start":{"line":238,"column":8},"end":{"line":238,"column":6988}},"63":{"start":{"line":248,"column":8},"end":{"line":248,"column":36}},"64":{"start":{"line":250,"column":8},"end":{"line":250,"column":7319}},"65":{"start":{"line":255,"column":8},"end":{"line":255,"column":52}},"66":{"start":{"line":256,"column":8},"end":{"line":256,"column":45}},"67":{"start":{"line":257,"column":8},"end":{"line":257,"column":41}},"68":{"start":{"line":267,"column":8},"end":{"line":267,"column":50}},"69":{"start":{"line":268,"column":8},"end":{"line":268,"column":7874}},"70":{"start":{"line":272,"column":8},"end":{"line":272,"column":7995}},"71":{"start":{"line":277,"column":8},"end":{"line":277,"column":8136}},"72":{"start":{"line":281,"column":8},"end":{"line":281,"column":8254}},"73":{"start":{"line":293,"column":8},"end":{"line":293,"column":8591}},"74":{"start":{"line":297,"column":8},"end":{"line":297,"column":75}},"75":{"start":{"line":299,"column":8},"end":{"line":299,"column":8808}},"76":{"start":{"line":305,"column":8},"end":{"line":305,"column":48}},"77":{"start":{"line":306,"column":8},"end":{"line":306,"column":51}},"78":{"start":{"line":308,"column":8},"end":{"line":308,"column":9069}},"79":{"start":{"line":325,"column":8},"end":{"line":325,"column":9507}},"80":{"start":{"line":331,"column":8},"end":{"line":331,"column":9655}},"81":{"start":{"line":335,"column":8},"end":{"line":335,"column":46}},"82":{"start":{"line":336,"column":8},"end":{"line":336,"column":32}},"83":{"start":{"line":337,"column":8},"end":{"line":337,"column":57}},"84":{"start":{"line":339,"column":8},"end":{"line":339,"column":51}},"85":{"start":{"line":340,"column":8},"end":{"line":340,"column":44}},"86":{"start":{"line":344,"column":8},"end":{"line":344,"column":29}},"87":{"start":{"line":348,"column":8},"end":{"line":348,"column":40}},"88":{"start":{"line":349,"column":8},"end":{"line":349,"column":52}},"89":{"start":{"line":350,"column":8},"end":{"line":350,"column":51}},"90":{"start":{"line":354,"column":8},"end":{"line":354,"column":69}},"91":{"start":{"line":361,"column":8},"end":{"line":361,"column":70}},"92":{"start":{"line":362,"column":8},"end":{"line":362,"column":73}},"93":{"start":{"line":366,"column":8},"end":{"line":366,"column":53}},"94":{"start":{"line":367,"column":8},"end":{"line":367,"column":55}},"95":{"start":{"line":369,"column":8},"end":{"line":369,"column":34}},"96":{"start":{"line":370,"column":8},"end":{"line":370,"column":10980}},"97":{"start":{"line":371,"column":12},"end":{"line":371,"column":11044}},"98":{"start":{"line":375,"column":12},"end":{"line":375,"column":63}}},"branchMap":{"1":{"line":18,"type":"if","locations":[{"start":{"line":18,"column":8},"end":{"line":18,"column":8}},{"start":{"line":18,"column":8},"end":{"line":18,"column":8}}]},"2":{"line":23,"type":"if","locations":[{"start":{"line":23,"column":8},"end":{"line":23,"column":8}},{"start":{"line":23,"column":8},"end":{"line":23,"column":8}}]},"3":{"line":30,"type":"if","locations":[{"start":{"line":30,"column":8},"end":{"line":30,"column":8}},{"start":{"line":30,"column":8},"end":{"line":30,"column":8}}]},"4":{"line":123,"type":"if","locations":[{"start":{"line":123,"column":8},"end":{"line":123,"column":8}},{"start":{"line":123,"column":8},"end":{"line":123,"column":8}}]},"5":{"line":130,"type":"if","locations":[{"start":{"line":130,"column":12},"end":{"line":130,"column":12}},{"start":{"line":130,"column":12},"end":{"line":130,"column":12}}]},"6":{"line":145,"type":"if","locations":[{"start":{"line":145,"column":8},"end":{"line":145,"column":8}},{"start":{"line":145,"column":8},"end":{"line":145,"column":8}}]},"7":{"line":153,"type":"if","locations":[{"start":{"line":153,"column":8},"end":{"line":153,"column":8}},{"start":{"line":153,"column":8},"end":{"line":153,"column":8}}]},"8":{"line":154,"type":"if","locations":[{"start":{"line":154,"column":8},"end":{"line":154,"column":8}},{"start":{"line":154,"column":8},"end":{"line":154,"column":8}}]},"9":{"line":178,"type":"if","locations":[{"start":{"line":178,"column":8},"end":{"line":178,"column":8}},{"start":{"line":178,"column":8},"end":{"line":178,"column":8}}]},"10":{"line":191,"type":"if","locations":[{"start":{"line":191,"column":8},"end":{"line":191,"column":8}},{"start":{"line":191,"column":8},"end":{"line":191,"column":8}}]},"11":{"line":212,"type":"if","locations":[{"start":{"line":212,"column":8},"end":{"line":212,"column":8}},{"start":{"line":212,"column":8},"end":{"line":212,"column":8}}]},"12":{"line":222,"type":"if","locations":[{"start":{"line":222,"column":12},"end":{"line":222,"column":12}},{"start":{"line":222,"column":12},"end":{"line":222,"column":12}}]},"13":{"line":233,"type":"if","locations":[{"start":{"line":233,"column":8},"end":{"line":233,"column":8}},{"start":{"line":233,"column":8},"end":{"line":233,"column":8}}]},"14":{"line":238,"type":"if","locations":[{"start":{"line":238,"column":8},"end":{"line":238,"column":8}},{"start":{"line":238,"column":8},"end":{"line":238,"column":8}}]},"15":{"line":267,"type":"if","locations":[{"start":{"line":267,"column":8},"end":{"line":267,"column":8}},{"start":{"line":267,"column":8},"end":{"line":267,"column":8}}]},"16":{"line":268,"type":"if","locations":[{"start":{"line":268,"column":8},"end":{"line":268,"column":8}},{"start":{"line":268,"column":8},"end":{"line":268,"column":8}}]},"17":{"line":272,"type":"if","locations":[{"start":{"line":272,"column":8},"end":{"line":272,"column":8}},{"start":{"line":272,"column":8},"end":{"line":272,"column":8}}]},"18":{"line":281,"type":"if","locations":[{"start":{"line":281,"column":8},"end":{"line":281,"column":8}},{"start":{"line":281,"column":8},"end":{"line":281,"column":8}}]},"19":{"line":331,"type":"if","locations":[{"start":{"line":331,"column":8},"end":{"line":331,"column":8}},{"start":{"line":331,"column":8},"end":{"line":331,"column":8}}]},"20":{"line":340,"type":"if","locations":[{"start":{"line":340,"column":8},"end":{"line":340,"column":8}},{"start":{"line":340,"column":8},"end":{"line":340,"column":8}}]},"21":{"line":348,"type":"if","locations":[{"start":{"line":348,"column":8},"end":{"line":348,"column":8}},{"start":{"line":348,"column":8},"end":{"line":348,"column":8}}]},"22":{"line":361,"type":"if","locations":[{"start":{"line":361,"column":8},"end":{"line":361,"column":8}},{"start":{"line":361,"column":8},"end":{"line":361,"column":8}}]}}},"contracts/Artist.sol":{"l":{"45":2,"46":2,"47":2,"48":2,"49":2,"50":2,"58":2,"59":4,"60":4,"64":4,"65":4,"67":4,"68":4,"70":4,"71":4,"74":2,"78":2,"80":2,"81":2,"82":2,"83":2,"89":0,"96":0,"97":0,"101":0,"103":0,"105":0,"107":0,"108":0,"113":0,"117":0,"118":0,"123":0,"127":0,"132":0,"138":0,"139":0,"140":0,"142":0,"143":0,"148":0,"149":0,"153":0,"157":0,"158":0,"159":0,"160":0,"161":0,"165":0,"166":0,"175":0,"184":0},"path":"/home/ayden/Documents/TM-POC/packages/hardhat/contracts/Artist.sol","s":{"1":2,"2":2,"3":2,"4":2,"5":2,"6":2,"7":2,"8":4,"9":4,"10":4,"11":4,"12":4,"13":4,"14":4,"15":4,"16":2,"17":2,"18":2,"19":2,"20":2,"21":2,"22":0,"23":0,"24":0,"25":0,"26":0,"27":0,"28":0,"29":0,"30":0,"31":0,"32":0,"33":0,"34":0,"35":0,"36":0,"37":0,"38":0,"39":0,"40":0,"41":0,"42":0,"43":0,"44":0,"45":0,"46":0,"47":0,"48":0,"49":0,"50":0},"b":{"1":[4,0],"2":[2,0],"3":[0,0],"4":[0,0],"5":[0,0],"6":[0,0],"7":[0,0],"8":[0,0],"9":[0,0]},"f":{"1":2,"2":2,"3":0,"4":0,"5":0,"6":0,"7":0,"8":0,"9":0},"fnMap":{"1":{"name":"initialize","line":44,"loc":{"start":{"line":40,"column":4},"end":{"line":51,"column":4}}},"2":{"name":"setRightsHolders","line":53,"loc":{"start":{"line":53,"column":4},"end":{"line":84,"column":4}}},"3":{"name":"isRightsHolder","line":86,"loc":{"start":{"line":86,"column":4},"end":{"line":90,"column":4}}},"4":{"name":"setPreconditions","line":92,"loc":{"start":{"line":92,"column":4},"end":{"line":135,"column":4}}},"5":{"name":"splitPayment","line":137,"loc":{"start":{"line":137,"column":4},"end":{"line":145,"column":4}}},"6":{"name":"withdraw","line":152,"loc":{"start":{"line":152,"column":4},"end":{"line":162,"column":4}}},"7":{"name":"sendViaCall","line":164,"loc":{"start":{"line":164,"column":4},"end":{"line":167,"column":4}}},"8":{"name":"getPreconditions","line":169,"loc":{"start":{"line":169,"column":4},"end":{"line":176,"column":4}}},"9":{"name":"getArtistAddress","line":178,"loc":{"start":{"line":178,"column":4},"end":{"line":185,"column":4}}}},"statementMap":{"1":{"start":{"line":45,"column":8},"end":{"line":45,"column":57}},"2":{"start":{"line":46,"column":8},"end":{"line":46,"column":52}},"3":{"start":{"line":47,"column":8},"end":{"line":47,"column":23}},"4":{"start":{"line":48,"column":8},"end":{"line":48,"column":29}},"5":{"start":{"line":49,"column":8},"end":{"line":49,"column":33}},"6":{"start":{"line":50,"column":8},"end":{"line":50,"column":51}},"7":{"start":{"line":58,"column":8},"end":{"line":58,"column":1870}},"8":{"start":{"line":59,"column":12},"end":{"line":59,"column":52}},"9":{"start":{"line":60,"column":12},"end":{"line":60,"column":1991}},"10":{"start":{"line":64,"column":12},"end":{"line":64,"column":35}},"11":{"start":{"line":65,"column":12},"end":{"line":65,"column":44}},"12":{"start":{"line":67,"column":12},"end":{"line":67,"column":59}},"13":{"start":{"line":68,"column":12},"end":{"line":68,"column":61}},"14":{"start":{"line":70,"column":12},"end":{"line":70,"column":46}},"15":{"start":{"line":71,"column":12},"end":{"line":71,"column":71}},"16":{"start":{"line":74,"column":8},"end":{"line":74,"column":2460}},"17":{"start":{"line":78,"column":8},"end":{"line":78,"column":58}},"18":{"start":{"line":80,"column":8},"end":{"line":80,"column":61}},"19":{"start":{"line":81,"column":8},"end":{"line":81,"column":52}},"20":{"start":{"line":82,"column":8},"end":{"line":82,"column":37}},"21":{"start":{"line":83,"column":8},"end":{"line":83,"column":73}},"22":{"start":{"line":89,"column":8},"end":{"line":89,"column":65}},"23":{"start":{"line":96,"column":8},"end":{"line":96,"column":74}},"24":{"start":{"line":97,"column":8},"end":{"line":97,"column":3267}},"25":{"start":{"line":101,"column":8},"end":{"line":101,"column":66}},"26":{"start":{"line":103,"column":8},"end":{"line":103,"column":3494}},"27":{"start":{"line":105,"column":8},"end":{"line":105,"column":69}},"28":{"start":{"line":107,"column":8},"end":{"line":107,"column":3644}},"29":{"start":{"line":108,"column":12},"end":{"line":108,"column":3719}},"30":{"start":{"line":113,"column":12},"end":{"line":113,"column":3934}},"31":{"start":{"line":117,"column":8},"end":{"line":117,"column":3992}},"32":{"start":{"line":118,"column":12},"end":{"line":118,"column":4047}},"33":{"start":{"line":123,"column":12},"end":{"line":123,"column":4217}},"34":{"start":{"line":127,"column":8},"end":{"line":127,"column":4309}},"35":{"start":{"line":132,"column":8},"end":{"line":132,"column":4489}},"36":{"start":{"line":138,"column":8},"end":{"line":138,"column":4649}},"37":{"start":{"line":139,"column":12},"end":{"line":139,"column":61}},"38":{"start":{"line":140,"column":12},"end":{"line":140,"column":4796}},"39":{"start":{"line":142,"column":12},"end":{"line":142,"column":70}},"40":{"start":{"line":143,"column":12},"end":{"line":143,"column":73}},"41":{"start":{"line":153,"column":8},"end":{"line":153,"column":5220}},"42":{"start":{"line":157,"column":8},"end":{"line":157,"column":48}},"43":{"start":{"line":158,"column":8},"end":{"line":158,"column":67}},"44":{"start":{"line":159,"column":8},"end":{"line":159,"column":46}},"45":{"start":{"line":160,"column":8},"end":{"line":160,"column":40}},"46":{"start":{"line":161,"column":8},"end":{"line":161,"column":43}},"47":{"start":{"line":165,"column":8},"end":{"line":165,"column":51}},"48":{"start":{"line":166,"column":8},"end":{"line":166,"column":44}},"49":{"start":{"line":175,"column":8},"end":{"line":175,"column":67}},"50":{"start":{"line":184,"column":8},"end":{"line":184,"column":22}}},"branchMap":{"1":{"line":60,"type":"if","locations":[{"start":{"line":60,"column":12},"end":{"line":60,"column":12}},{"start":{"line":60,"column":12},"end":{"line":60,"column":12}}]},"2":{"line":74,"type":"if","locations":[{"start":{"line":74,"column":8},"end":{"line":74,"column":8}},{"start":{"line":74,"column":8},"end":{"line":74,"column":8}}]},"3":{"line":96,"type":"if","locations":[{"start":{"line":96,"column":8},"end":{"line":96,"column":8}},{"start":{"line":96,"column":8},"end":{"line":96,"column":8}}]},"4":{"line":97,"type":"if","locations":[{"start":{"line":97,"column":8},"end":{"line":97,"column":8}},{"start":{"line":97,"column":8},"end":{"line":97,"column":8}}]},"5":{"line":101,"type":"if","locations":[{"start":{"line":101,"column":8},"end":{"line":101,"column":8}},{"start":{"line":101,"column":8},"end":{"line":101,"column":8}}]},"6":{"line":107,"type":"if","locations":[{"start":{"line":107,"column":8},"end":{"line":107,"column":8}},{"start":{"line":107,"column":8},"end":{"line":107,"column":8}}]},"7":{"line":117,"type":"if","locations":[{"start":{"line":117,"column":8},"end":{"line":117,"column":8}},{"start":{"line":117,"column":8},"end":{"line":117,"column":8}}]},"8":{"line":153,"type":"if","locations":[{"start":{"line":153,"column":8},"end":{"line":153,"column":8}},{"start":{"line":153,"column":8},"end":{"line":153,"column":8}}]},"9":{"line":166,"type":"if","locations":[{"start":{"line":166,"column":8},"end":{"line":166,"column":8}},{"start":{"line":166,"column":8},"end":{"line":166,"column":8}}]}}},"contracts/FactoryCloneAgreement.sol":{"l":{"16":3,"17":3,"21":1,"22":1,"23":1,"24":1,"25":1,"27":1,"28":1,"29":1,"30":1,"31":1,"38":3,"39":3},"path":"/home/ayden/Documents/TM-POC/packages/hardhat/contracts/FactoryCloneAgreement.sol","s":{"1":3,"2":3,"3":1,"4":1,"5":1,"6":1,"7":1,"8":1,"9":1,"10":1,"11":1,"12":1,"13":3,"14":3},"b":{},"f":{"1":3,"2":1,"3":3},"fnMap":{"1":{"name":"constructor","line":15,"loc":{"start":{"line":15,"column":4},"end":{"line":18,"column":4}}},"2":{"name":"createAgreement","line":20,"loc":{"start":{"line":20,"column":4},"end":{"line":32,"column":4}}},"3":{"name":"predictDeterministicAddress","line":34,"loc":{"start":{"line":34,"column":4},"end":{"line":40,"column":4}}}},"statementMap":{"1":{"start":{"line":16,"column":8},"end":{"line":16,"column":47}},"2":{"start":{"line":17,"column":8},"end":{"line":17,"column":27}},"3":{"start":{"line":21,"column":8},"end":{"line":21,"column":70}},"4":{"start":{"line":22,"column":8},"end":{"line":22,"column":68}},"5":{"start":{"line":23,"column":8},"end":{"line":23,"column":31}},"6":{"start":{"line":24,"column":8},"end":{"line":24,"column":44}},"7":{"start":{"line":25,"column":8},"end":{"line":25,"column":53}},"8":{"start":{"line":27,"column":8},"end":{"line":27,"column":85}},"9":{"start":{"line":28,"column":8},"end":{"line":28,"column":46}},"10":{"start":{"line":29,"column":8},"end":{"line":29,"column":46}},"11":{"start":{"line":30,"column":8},"end":{"line":30,"column":35}},"12":{"start":{"line":31,"column":8},"end":{"line":31,"column":20}},"13":{"start":{"line":38,"column":8},"end":{"line":38,"column":87}},"14":{"start":{"line":39,"column":8},"end":{"line":39,"column":27}}},"branchMap":{}},"contracts/FactoryCloneArtist.sol":{"l":{"13":3,"17":2,"18":2,"19":2,"20":2,"21":2},"path":"/home/ayden/Documents/TM-POC/packages/hardhat/contracts/FactoryCloneArtist.sol","s":{"1":3,"2":2,"3":2,"4":2,"5":2,"6":2},"b":{},"f":{"1":3,"2":2},"fnMap":{"1":{"name":"constructor","line":12,"loc":{"start":{"line":12,"column":4},"end":{"line":14,"column":4}}},"2":{"name":"createArtist","line":16,"loc":{"start":{"line":16,"column":4},"end":{"line":22,"column":4}}}},"statementMap":{"1":{"start":{"line":13,"column":8},"end":{"line":13,"column":41}},"2":{"start":{"line":17,"column":8},"end":{"line":17,"column":48}},"3":{"start":{"line":18,"column":8},"end":{"line":18,"column":82}},"4":{"start":{"line":19,"column":8},"end":{"line":19,"column":43}},"5":{"start":{"line":20,"column":8},"end":{"line":20,"column":83}},"6":{"start":{"line":21,"column":8},"end":{"line":21,"column":20}}},"branchMap":{}},"contracts/IArtist.sol":{"l":{},"path":"/home/ayden/Documents/TM-POC/packages/hardhat/contracts/IArtist.sol","s":{},"b":{},"f":{},"fnMap":{},"statementMap":{},"branchMap":{}},"contracts/ISettings.sol":{"l":{},"path":"/home/ayden/Documents/TM-POC/packages/hardhat/contracts/ISettings.sol","s":{},"b":{},"f":{},"fnMap":{},"statementMap":{},"branchMap":{}},"contracts/SampleNFT.sol":{"l":{"21":9,"29":12,"30":12,"31":12,"32":12,"33":12,"42":14,"46":1,"50":2,"51":1,"60":1,"64":1,"68":3,"72":2,"73":1},"path":"/home/ayden/Documents/TM-POC/packages/hardhat/contracts/SampleNFT.sol","s":{"1":9,"2":12,"3":12,"4":12,"5":12,"6":12,"7":14,"8":1,"9":2,"10":1,"11":1,"12":1,"13":3,"14":2,"15":1},"b":{"1":[1,1],"2":[1,1]},"f":{"1":9,"2":12,"3":14,"4":1,"5":2,"6":1,"7":1,"8":3,"9":2},"fnMap":{"1":{"name":"constructor","line":19,"loc":{"start":{"line":19,"column":4},"end":{"line":22,"column":4}}},"2":{"name":"safeMint","line":25,"loc":{"start":{"line":25,"column":4},"end":{"line":34,"column":4}}},"3":{"name":"_beforeTokenTransfer","line":38,"loc":{"start":{"line":38,"column":5},"end":{"line":43,"column":4}}},"4":{"name":"_burn","line":45,"loc":{"start":{"line":45,"column":4},"end":{"line":47,"column":4}}},"5":{"name":"burn","line":49,"loc":{"start":{"line":49,"column":4},"end":{"line":52,"column":4}}},"6":{"name":"tokenURI","line":54,"loc":{"start":{"line":54,"column":4},"end":{"line":61,"column":4}}},"7":{"name":"setContractURI","line":63,"loc":{"start":{"line":63,"column":4},"end":{"line":65,"column":4}}},"8":{"name":"supportsInterface","line":67,"loc":{"start":{"line":67,"column":4},"end":{"line":69,"column":4}}},"9":{"name":"setTokenRoyalty","line":71,"loc":{"start":{"line":71,"column":4},"end":{"line":74,"column":4}}}},"statementMap":{"1":{"start":{"line":21,"column":8},"end":{"line":21,"column":33}},"2":{"start":{"line":29,"column":8},"end":{"line":29,"column":47}},"3":{"start":{"line":30,"column":8},"end":{"line":30,"column":31}},"4":{"start":{"line":31,"column":8},"end":{"line":31,"column":35}},"5":{"start":{"line":32,"column":8},"end":{"line":32,"column":28}},"6":{"start":{"line":33,"column":8},"end":{"line":33,"column":24}},"7":{"start":{"line":42,"column":8},"end":{"line":42,"column":63}},"8":{"start":{"line":46,"column":8},"end":{"line":46,"column":27}},"9":{"start":{"line":50,"column":8},"end":{"line":50,"column":106}},"10":{"start":{"line":51,"column":8},"end":{"line":51,"column":21}},"11":{"start":{"line":60,"column":8},"end":{"line":60,"column":38}},"12":{"start":{"line":64,"column":8},"end":{"line":64,"column":33}},"13":{"start":{"line":68,"column":8},"end":{"line":68,"column":51}},"14":{"start":{"line":72,"column":8},"end":{"line":72,"column":106}},"15":{"start":{"line":73,"column":8},"end":{"line":73,"column":62}}},"branchMap":{"1":{"line":50,"type":"if","locations":[{"start":{"line":50,"column":8},"end":{"line":50,"column":8}},{"start":{"line":50,"column":8},"end":{"line":50,"column":8}}]},"2":{"line":72,"type":"if","locations":[{"start":{"line":72,"column":8},"end":{"line":72,"column":8}},{"start":{"line":72,"column":8},"end":{"line":72,"column":8}}]}}},"contracts/Settings.sol":{"l":{"30":7,"31":6,"32":6,"33":6,"34":6,"35":6,"45":3,"49":3,"50":2,"51":2,"55":3,"56":2,"57":2,"61":3,"62":2,"63":2,"67":2,"68":1,"69":1,"73":3,"74":3,"75":3,"76":2,"77":2,"79":2,"80":2},"path":"/home/ayden/Documents/TM-POC/packages/hardhat/contracts/Settings.sol","s":{"1":7,"2":6,"3":6,"4":6,"5":6,"6":6,"7":3,"8":3,"9":2,"10":2,"11":3,"12":2,"13":2,"14":3,"15":2,"16":2,"17":2,"18":1,"19":1,"20":3,"21":3,"22":3,"23":2,"24":2,"25":2,"26":2},"b":{"1":[6,1],"2":[2,1],"3":[2,1],"4":[2,1],"5":[1,1],"6":[3,0],"7":[3,0],"8":[2,1],"9":[2,0],"10":[2,0]},"f":{"1":7,"2":3,"3":3,"4":3,"5":3,"6":2,"7":3},"fnMap":{"1":{"name":"constructor","line":29,"loc":{"start":{"line":29,"column":4},"end":{"line":36,"column":4}}},"2":{"name":"getTierPrices","line":44,"loc":{"start":{"line":44,"column":4},"end":{"line":46,"column":4}}},"3":{"name":"setFeeAmount","line":48,"loc":{"start":{"line":48,"column":4},"end":{"line":52,"column":4}}},"4":{"name":"setFeeReceiver","line":54,"loc":{"start":{"line":54,"column":4},"end":{"line":58,"column":4}}},"5":{"name":"setAdministrator","line":60,"loc":{"start":{"line":60,"column":4},"end":{"line":64,"column":4}}},"6":{"name":"setCollectionAddress","line":66,"loc":{"start":{"line":66,"column":4},"end":{"line":70,"column":4}}},"7":{"name":"setTierPrices","line":72,"loc":{"start":{"line":72,"column":4},"end":{"line":81,"column":4}}}},"statementMap":{"1":{"start":{"line":30,"column":8},"end":{"line":30,"column":64}},"2":{"start":{"line":31,"column":8},"end":{"line":31,"column":22}},"3":{"start":{"line":32,"column":8},"end":{"line":32,"column":40}},"4":{"start":{"line":33,"column":8},"end":{"line":33,"column":42}},"5":{"start":{"line":34,"column":8},"end":{"line":34,"column":53}},"6":{"start":{"line":35,"column":8},"end":{"line":35,"column":45}},"7":{"start":{"line":45,"column":8},"end":{"line":45,"column":25}},"8":{"start":{"line":49,"column":8},"end":{"line":49,"column":66}},"9":{"start":{"line":50,"column":8},"end":{"line":50,"column":51}},"10":{"start":{"line":51,"column":8},"end":{"line":51,"column":29}},"11":{"start":{"line":55,"column":8},"end":{"line":55,"column":58}},"12":{"start":{"line":56,"column":8},"end":{"line":56,"column":57}},"13":{"start":{"line":57,"column":8},"end":{"line":57,"column":33}},"14":{"start":{"line":61,"column":8},"end":{"line":61,"column":60}},"15":{"start":{"line":62,"column":8},"end":{"line":62,"column":63}},"16":{"start":{"line":63,"column":8},"end":{"line":63,"column":37}},"17":{"start":{"line":67,"column":8},"end":{"line":67,"column":64}},"18":{"start":{"line":68,"column":8},"end":{"line":68,"column":75}},"19":{"start":{"line":69,"column":8},"end":{"line":69,"column":45}},"20":{"start":{"line":73,"column":8},"end":{"line":73,"column":74}},"21":{"start":{"line":74,"column":8},"end":{"line":74,"column":74}},"22":{"start":{"line":75,"column":8},"end":{"line":75,"column":75}},"23":{"start":{"line":76,"column":8},"end":{"line":76,"column":76}},"24":{"start":{"line":77,"column":8},"end":{"line":77,"column":76}},"25":{"start":{"line":79,"column":8},"end":{"line":79,"column":54}},"26":{"start":{"line":80,"column":8},"end":{"line":80,"column":31}}},"branchMap":{"1":{"line":30,"type":"if","locations":[{"start":{"line":30,"column":8},"end":{"line":30,"column":8}},{"start":{"line":30,"column":8},"end":{"line":30,"column":8}}]},"2":{"line":49,"type":"if","locations":[{"start":{"line":49,"column":8},"end":{"line":49,"column":8}},{"start":{"line":49,"column":8},"end":{"line":49,"column":8}}]},"3":{"line":55,"type":"if","locations":[{"start":{"line":55,"column":8},"end":{"line":55,"column":8}},{"start":{"line":55,"column":8},"end":{"line":55,"column":8}}]},"4":{"line":61,"type":"if","locations":[{"start":{"line":61,"column":8},"end":{"line":61,"column":8}},{"start":{"line":61,"column":8},"end":{"line":61,"column":8}}]},"5":{"line":67,"type":"if","locations":[{"start":{"line":67,"column":8},"end":{"line":67,"column":8}},{"start":{"line":67,"column":8},"end":{"line":67,"column":8}}]},"6":{"line":73,"type":"if","locations":[{"start":{"line":73,"column":8},"end":{"line":73,"column":8}},{"start":{"line":73,"column":8},"end":{"line":73,"column":8}}]},"7":{"line":74,"type":"if","locations":[{"start":{"line":74,"column":8},"end":{"line":74,"column":8}},{"start":{"line":74,"column":8},"end":{"line":74,"column":8}}]},"8":{"line":75,"type":"if","locations":[{"start":{"line":75,"column":8},"end":{"line":75,"column":8}},{"start":{"line":75,"column":8},"end":{"line":75,"column":8}}]},"9":{"line":76,"type":"if","locations":[{"start":{"line":76,"column":8},"end":{"line":76,"column":8}},{"start":{"line":76,"column":8},"end":{"line":76,"column":8}}]},"10":{"line":77,"type":"if","locations":[{"start":{"line":77,"column":8},"end":{"line":77,"column":8}},{"start":{"line":77,"column":8},"end":{"line":77,"column":8}}]}}}}